<?xml version="1.0" encoding="UTF-8"?>
<testsuite xmlns:xsi="http://www.w3.org/2001/XMLSchema-instance" xsi:noNamespaceSchemaLocation="https://maven.apache.org/surefire/maven-surefire-plugin/xsd/surefire-test-report-3.0.xsd" version="3.0" name="com.huawei.opsfactory.knowledge.api.KnowledgeCoverageIntegrationTest" time="14.8" tests="14" errors="3" skipped="0" failures="1">
  <properties>
[...]
</properties>
  <testcase name="shouldCoverRetrievalExplainAndContentTypeFilters" classname="com.huawei.opsfactory.knowledge.api.KnowledgeCoverageIntegrationTest" time="2.326">
    <error message="No value present" type="java.util.NoSuchElementException"><![CDATA[java.util.NoSuchElementException: No value present
	at java.base/java.util.Optional.orElseThrow(Optional.java:377)
	at com.huawei.opsfactory.knowledge.api.KnowledgeCoverageIntegrationTest.documentIdByName(KnowledgeCoverageIntegrationTest.java:1145)
	at com.huawei.opsfactory.knowledge.api.KnowledgeCoverageIntegrationTest.shouldCoverRetrievalExplainAndContentTypeFilters(KnowledgeCoverageIntegrationTest.java:152)
	at java.base/java.lang.reflect.Method.invoke(Method.java:580)
	at java.base/java.util.ArrayList.forEach(ArrayList.java:1596)
	at java.base/java.util.ArrayList.forEach(ArrayList.java:1596)
]]></error>
    <system-out><![CDATA[16:37:31.123 [main] INFO org.springframework.test.context.support.AnnotationConfigContextLoaderUtils -- Could not detect default configuration classes for test class [com.huawei.opsfactory.knowledge.api.KnowledgeCoverageIntegrationTest]: KnowledgeCoverageIntegrationTest does not declare any static, non-private, non-final, nested classes annotated with @Configuration.
16:37:31.190 [main] INFO org.springframework.boot.test.context.SpringBootTestContextBootstrapper -- Found @SpringBootConfiguration com.huawei.opsfactory.knowledge.KnowledgeServiceApplication for test class com.huawei.opsfactory.knowledge.api.KnowledgeCoverageIntegrationTest

  .   ____          _            __ _ _
 /\\ / ___'_ __ _ _(_)_ __  __ _ \ \ \ \
( ( )\___ | '_ | '_| | '_ \/ _` | \ \ \ \
 \\/  ___)| |_)| | | | | || (_| |  ) ) ) )
  '  |____| .__|_| |_|_| |_\__, | / / / /
 =========|_|==============|___/=/_/_/_/

 :: Spring Boot ::               (v3.3.12)

2026-03-27T16:37:31.414+08:00  INFO 79951 --- [knowledge-service] [           main] h.o.k.a.KnowledgeCoverageIntegrationTest : Starting KnowledgeCoverageIntegrationTest using Java 21.0.10 with PID 79951 (started by buyangnie in /Users/buyangnie/Documents/GitHub/ops-factory/knowledge-service)
2026-03-27T16:37:31.415+08:00  INFO 79951 --- [knowledge-service] [           main] h.o.k.a.KnowledgeCoverageIntegrationTest : No active profile set, falling back to 1 default profile: "default"
2026-03-27T16:37:34.083+08:00  INFO 79951 --- [knowledge-service] [           main] o.s.b.t.m.w.SpringBootMockServletContext : Initializing Spring TestDispatcherServlet ''
2026-03-27T16:37:34.084+08:00  INFO 79951 --- [knowledge-service] [           main] o.s.t.web.servlet.TestDispatcherServlet  : Initializing Servlet ''
2026-03-27T16:37:34.088+08:00  INFO 79951 --- [knowledge-service] [           main] o.s.b.a.e.web.EndpointLinksResolver      : Exposing 2 endpoints beneath base path '/actuator'
2026-03-27T16:37:34.095+08:00  INFO 79951 --- [knowledge-service] [           main] o.s.t.web.servlet.TestDispatcherServlet  : Completed initialization in 11 ms
2026-03-27T16:37:34.124+08:00  INFO 79951 --- [knowledge-service] [           main] h.o.k.a.KnowledgeCoverageIntegrationTest : Started KnowledgeCoverageIntegrationTest in 2.857 seconds (process running for 3.338)
2026-03-27T16:37:34.256+08:00  WARN 79951 --- [knowledge-service] [           main] o.a.l.i.v.VectorizationProvider          : Java vector incubator module is not readable. For optimal vector performance, pass '--add-modules jdk.incubator.vector' to enable Vector API.

MockHttpServletRequest:
      HTTP Method = POST
      Request URI = /ops-knowledge/sources
       Parameters = {}
          Headers = [Content-Type:"application/json;charset=UTF-8", Content-Length:"110"]
             Body = {
  "name": "coverage-source-01748ba2-0d38-42ff-90f2-68ef62baabaf",
  "description": "coverage test source"
}

    Session Attrs = {}

Handler:
             Type = com.huawei.opsfactory.knowledge.api.source.SourceController
           Method = com.huawei.opsfactory.knowledge.api.source.SourceController#createSource(CreateSourceRequest)

Async:
    Async started = false
     Async result = null

Resolved Exception:
             Type = null

ModelAndView:
        View name = null
             View = null
            Model = null

FlashMap:
       Attributes = null

MockHttpServletResponse:
           Status = 200
    Error message = null
          Headers = [Vary:"Origin", "Access-Control-Request-Method", "Access-Control-Request-Headers", Content-Type:"application/json"]
     Content type = application/json
             Body = {"id":"src_21a9907110c8","name":"coverage-source-01748ba2-0d38-42ff-90f2-68ef62baabaf","description":"coverage test source","status":"ACTIVE","storageMode":"MANAGED","indexProfileId":"ip_8cae328c6722","retrievalProfileId":"rp_f46fb3edc9a8","createdAt":"2026-03-27T08:37:35.262859Z","updatedAt":"2026-03-27T08:37:35.262859Z"}
    Forwarded URL = null
   Redirected URL = null
          Cookies = []

MockHttpServletRequest:
      HTTP Method = POST
      Request URI = /ops-knowledge/sources/src_21a9907110c8/documents:ingest
       Parameters = {}
          Headers = [Content-Type:"multipart/form-data;charset=UTF-8"]
             Body = null
    Session Attrs = {}

Handler:
             Type = com.huawei.opsfactory.knowledge.api.document.DocumentController
           Method = com.huawei.opsfactory.knowledge.api.document.DocumentController#ingestDocuments(String, MultipartFile[])

Async:
    Async started = false
     Async result = null

Resolved Exception:
             Type = null

ModelAndView:
        View name = null
             View = null
            Model = null

FlashMap:
       Attributes = null

MockHttpServletResponse:
           Status = 200
    Error message = null
          Headers = [Vary:"Origin", "Access-Control-Request-Method", "Access-Control-Request-Headers", Content-Type:"application/json"]
     Content type = application/json
             Body = {"jobId":"job_480139e9737c","sourceId":"src_21a9907110c8","status":"SUCCEEDED","documentCount":5}
    Forwarded URL = null
   Redirected URL = null
          Cookies = []

MockHttpServletRequest:
      HTTP Method = GET
      Request URI = /ops-knowledge/documents
       Parameters = {sourceId=[src_21a9907110c8]}
          Headers = []
             Body = null
    Session Attrs = {}

Handler:
             Type = com.huawei.opsfactory.knowledge.api.document.DocumentController
           Method = com.huawei.opsfactory.knowledge.api.document.DocumentController#listDocuments(String, int, int)

Async:
    Async started = false
     Async result = null

Resolved Exception:
             Type = null

ModelAndView:
        View name = null
             View = null
            Model = null

FlashMap:
       Attributes = null

MockHttpServletResponse:
           Status = 200
    Error message = null
          Headers = [Vary:"Origin", "Access-Control-Request-Method", "Access-Control-Request-Headers", Content-Type:"application/json"]
     Content type = application/json
             Body = {"items":[{"id":"doc_1e227f11330d","sourceId":"src_21a9907110c8","name":"sample-knowledge.pdf","contentType":"application/pdf","title":"sample-knowledge.pdf","status":"INDEXED","indexStatus":"INDEXED","fileSizeBytes":627,"chunkCount":1,"userEditedChunkCount":0,"createdAt":"2026-03-27T08:37:37.000071Z","updatedAt":"2026-03-27T08:37:37.045415Z"},{"id":"doc_470ae647dfad","sourceId":"src_21a9907110c8","name":"SLA_Violation_Analysis_Report_CN.html","contentType":"text/html","title":"SLA_Violation_Analysis_Report_CN.html","status":"INDEXED","indexStatus":"INDEXED","fileSizeBytes":16803,"chunkCount":2,"userEditedChunkCount":0,"createdAt":"2026-03-27T08:37:36.870455Z","updatedAt":"2026-03-27T08:37:36.935982Z"},{"id":"doc_09e9bc735bb1","sourceId":"src_21a9907110c8","name":"Qwen3-32+模型服务性能测试结果（Agent场景）.pdf","contentType":"application/pdf","title":"Qwen3-32+模型服务性能测试结果（Agent场景）.pdf","status":"INDEXED","indexStatus":"INDEXED","fileSizeBytes":916827,"chunkCount":9,"userEditedChunkCount":0,"createdAt":"2026-03-27T08:37:36.710620Z","updatedAt":"2026-03-27T08:37:36.851946Z"},{"id":"doc_1832c3e0617b","sourceId":"src_21a9907110c8","name":"Major_Incident_Analysis_INC20250115001_EN.docx","contentType":"application/vnd.openxmlformats-officedocument.wordprocessingml.document","title":"Major_Incident_Analysis_INC20250115001_EN.docx","status":"INDEXED","indexStatus":"INDEXED","fileSizeBytes":40339,"chunkCount":2,"userEditedChunkCount":0,"createdAt":"2026-03-27T08:37:36.183519Z","updatedAt":"2026-03-27T08:37:36.258372Z"},{"id":"doc_3daf0f4a50e3","sourceId":"src_21a9907110c8","name":"Comprehensive_Quality_Report.xlsx","contentType":"application/vnd.openxmlformats-officedocument.spreadsheetml.sheet","title":"Comprehensive_Quality_Report.xlsx","status":"INDEXED","indexStatus":"INDEXED","fileSizeBytes":1803945,"chunkCount":11,"userEditedChunkCount":0,"createdAt":"2026-03-27T08:37:35.878148Z","updatedAt":"2026-03-27T08:37:36.021149Z"}],"page":1,"pageSize":20,"total":5}
    Forwarded URL = null
   Redirected URL = null
          Cookies = []
]]></system-out>
    <system-err><![CDATA[WARNING: A restricted method in java.lang.foreign.Linker has been called
WARNING: java.lang.foreign.Linker::downcallHandle has been called by the unnamed module
WARNING: Use --enable-native-access=ALL-UNNAMED to avoid a warning for this module

WARNING: A Java agent has been loaded dynamically (/Users/buyangnie/.m2/repository/net/bytebuddy/byte-buddy-agent/1.14.19/byte-buddy-agent-1.14.19.jar)
WARNING: If a serviceability tool is in use, please run with -XX:+EnableDynamicAgentLoading to hide this warning
WARNING: If a serviceability tool is not in use, please run with -Djdk.instrument.traceUsage for more information
WARNING: Dynamic loading of agents will be disallowed by default in a future release
]]></system-err>
  </testcase>
  <testcase name="shouldComputeHybridRrfFusionFromLexicalAndSemanticRanks" classname="com.huawei.opsfactory.knowledge.api.KnowledgeCoverageIntegrationTest" time="1.082"/>
  <testcase name="shouldCoverChunkCrudReorderReindexAndPersistence" classname="com.huawei.opsfactory.knowledge.api.KnowledgeCoverageIntegrationTest" time="0.74">
    <error message="No value present" type="java.util.NoSuchElementException"><![CDATA[java.util.NoSuchElementException: No value present
	at java.base/java.util.Optional.orElseThrow(Optional.java:377)
	at com.huawei.opsfactory.knowledge.api.KnowledgeCoverageIntegrationTest.documentIdByName(KnowledgeCoverageIntegrationTest.java:1145)
	at com.huawei.opsfactory.knowledge.api.KnowledgeCoverageIntegrationTest.shouldCoverChunkCrudReorderReindexAndPersistence(KnowledgeCoverageIntegrationTest.java:809)
	at java.base/java.lang.reflect.Method.invoke(Method.java:580)
	at java.base/java.util.ArrayList.forEach(ArrayList.java:1596)
	at java.base/java.util.ArrayList.forEach(ArrayList.java:1596)
]]></error>
    <system-out><![CDATA[
MockHttpServletRequest:
      HTTP Method = POST
      Request URI = /ops-knowledge/sources
       Parameters = {}
          Headers = [Content-Type:"application/json;charset=UTF-8", Content-Length:"110"]
             Body = {
  "name": "coverage-source-13cb800c-92fc-4db4-9eab-516c9b78997f",
  "description": "coverage test source"
}

    Session Attrs = {}

Handler:
             Type = com.huawei.opsfactory.knowledge.api.source.SourceController
           Method = com.huawei.opsfactory.knowledge.api.source.SourceController#createSource(CreateSourceRequest)

Async:
    Async started = false
     Async result = null

Resolved Exception:
             Type = null

ModelAndView:
        View name = null
             View = null
            Model = null

FlashMap:
       Attributes = null

MockHttpServletResponse:
           Status = 200
    Error message = null
          Headers = [Vary:"Origin", "Access-Control-Request-Method", "Access-Control-Request-Headers", Content-Type:"application/json"]
     Content type = application/json
             Body = {"id":"src_2e79e116516a","name":"coverage-source-13cb800c-92fc-4db4-9eab-516c9b78997f","description":"coverage test source","status":"ACTIVE","storageMode":"MANAGED","indexProfileId":"ip_8cae328c6722","retrievalProfileId":"rp_f46fb3edc9a8","createdAt":"2026-03-27T08:37:38.165050Z","updatedAt":"2026-03-27T08:37:38.165050Z"}
    Forwarded URL = null
   Redirected URL = null
          Cookies = []

MockHttpServletRequest:
      HTTP Method = POST
      Request URI = /ops-knowledge/sources/src_2e79e116516a/documents:ingest
       Parameters = {}
          Headers = [Content-Type:"multipart/form-data;charset=UTF-8"]
             Body = null
    Session Attrs = {}

Handler:
             Type = com.huawei.opsfactory.knowledge.api.document.DocumentController
           Method = com.huawei.opsfactory.knowledge.api.document.DocumentController#ingestDocuments(String, MultipartFile[])

Async:
    Async started = false
     Async result = null

Resolved Exception:
             Type = null

ModelAndView:
        View name = null
             View = null
            Model = null

FlashMap:
       Attributes = null

MockHttpServletResponse:
           Status = 200
    Error message = null
          Headers = [Vary:"Origin", "Access-Control-Request-Method", "Access-Control-Request-Headers", Content-Type:"application/json"]
     Content type = application/json
             Body = {"jobId":"job_fdabfeb0a59c","sourceId":"src_2e79e116516a","status":"SUCCEEDED","documentCount":5}
    Forwarded URL = null
   Redirected URL = null
          Cookies = []

MockHttpServletRequest:
      HTTP Method = GET
      Request URI = /ops-knowledge/documents
       Parameters = {sourceId=[src_2e79e116516a]}
          Headers = []
             Body = null
    Session Attrs = {}

Handler:
             Type = com.huawei.opsfactory.knowledge.api.document.DocumentController
           Method = com.huawei.opsfactory.knowledge.api.document.DocumentController#listDocuments(String, int, int)

Async:
    Async started = false
     Async result = null

Resolved Exception:
             Type = null

ModelAndView:
        View name = null
             View = null
            Model = null

FlashMap:
       Attributes = null

MockHttpServletResponse:
           Status = 200
    Error message = null
          Headers = [Vary:"Origin", "Access-Control-Request-Method", "Access-Control-Request-Headers", Content-Type:"application/json"]
     Content type = application/json
             Body = {"items":[{"id":"doc_ad0a221ae22d","sourceId":"src_2e79e116516a","name":"sample-knowledge.pdf","contentType":"application/pdf","title":"sample-knowledge.pdf","status":"INDEXED","indexStatus":"INDEXED","fileSizeBytes":627,"chunkCount":1,"userEditedChunkCount":0,"createdAt":"2026-03-27T08:37:38.825588Z","updatedAt":"2026-03-27T08:37:38.885086Z"},{"id":"doc_a66469c29749","sourceId":"src_2e79e116516a","name":"SLA_Violation_Analysis_Report_CN.html","contentType":"text/html","title":"SLA_Violation_Analysis_Report_CN.html","status":"INDEXED","indexStatus":"INDEXED","fileSizeBytes":16803,"chunkCount":2,"userEditedChunkCount":0,"createdAt":"2026-03-27T08:37:38.769188Z","updatedAt":"2026-03-27T08:37:38.821585Z"},{"id":"doc_b81f7dc2c465","sourceId":"src_2e79e116516a","name":"Qwen3-32+模型服务性能测试结果（Agent场景）.pdf","contentType":"application/pdf","title":"Qwen3-32+模型服务性能测试结果（Agent场景）.pdf","status":"INDEXED","indexStatus":"INDEXED","fileSizeBytes":916827,"chunkCount":9,"userEditedChunkCount":0,"createdAt":"2026-03-27T08:37:38.627344Z","updatedAt":"2026-03-27T08:37:38.764207Z"},{"id":"doc_49d76fb06262","sourceId":"src_2e79e116516a","name":"Major_Incident_Analysis_INC20250115001_EN.docx","contentType":"application/vnd.openxmlformats-officedocument.wordprocessingml.document","title":"Major_Incident_Analysis_INC20250115001_EN.docx","status":"INDEXED","indexStatus":"INDEXED","fileSizeBytes":40339,"chunkCount":2,"userEditedChunkCount":0,"createdAt":"2026-03-27T08:37:38.473078Z","updatedAt":"2026-03-27T08:37:38.518896Z"},{"id":"doc_4fc1bf7affa4","sourceId":"src_2e79e116516a","name":"Comprehensive_Quality_Report.xlsx","contentType":"application/vnd.openxmlformats-officedocument.spreadsheetml.sheet","title":"Comprehensive_Quality_Report.xlsx","status":"INDEXED","indexStatus":"INDEXED","fileSizeBytes":1803945,"chunkCount":11,"userEditedChunkCount":0,"createdAt":"2026-03-27T08:37:38.342729Z","updatedAt":"2026-03-27T08:37:38.439394Z"}],"page":1,"pageSize":20,"total":5}
    Forwarded URL = null
   Redirected URL = null
          Cookies = []
]]></system-out>
  </testcase>
  <testcase name="shouldReturnRawCompareResultsForAllRequestedModes" classname="com.huawei.opsfactory.knowledge.api.KnowledgeCoverageIntegrationTest" time="0.866"/>
  <testcase name="shouldDifferentiateLexicalSemanticAndHybridRrfSearch" classname="com.huawei.opsfactory.knowledge.api.KnowledgeCoverageIntegrationTest" time="0.794"/>
  <testcase name="shouldCoverSupportedFileMatrixAndArtifacts" classname="com.huawei.opsfactory.knowledge.api.KnowledgeCoverageIntegrationTest" time="0.728">
    <failure message="&#10;Expecting actual:&#10;  [&quot;Major_Incident_Analysis_INC20250115001_EN.docx&quot;,&#10;    &quot;sample-knowledge.pdf&quot;,&#10;    &quot;Comprehensive_Quality_Report.xlsx&quot;,&#10;    &quot;Qwen3-32+æ¨¡åæå¡æ§è½æµè¯ç»æï¼Agentåºæ¯ï¼.pdf&quot;,&#10;    &quot;SLA_Violation_Analysis_Report_CN.html&quot;]&#10;to contain exactly in any order:&#10;  [&quot;Major_Incident_Analysis_INC20250115001_EN.docx&quot;,&#10;    &quot;Qwen3-32+模型服务性能测试结果（Agent场景）.pdf&quot;,&#10;    &quot;sample-knowledge.pdf&quot;,&#10;    &quot;Comprehensive_Quality_Report.xlsx&quot;,&#10;    &quot;SLA_Violation_Analysis_Report_CN.html&quot;]&#10;elements not found:&#10;  [&quot;Qwen3-32+模型服务性能测试结果（Agent场景）.pdf&quot;]&#10;and elements not expected:&#10;  [&quot;Qwen3-32+æ¨¡åæå¡æ§è½æµè¯ç»æï¼Agentåºæ¯ï¼.pdf&quot;]&#10;" type="java.lang.AssertionError"><![CDATA[java.lang.AssertionError: 

Expecting actual:
  ["Major_Incident_Analysis_INC20250115001_EN.docx",
    "sample-knowledge.pdf",
    "Comprehensive_Quality_Report.xlsx",
    "Qwen3-32+æ¨¡åæå¡æ§è½æµè¯ç»æï¼Agentåºæ¯ï¼.pdf",
    "SLA_Violation_Analysis_Report_CN.html"]
to contain exactly in any order:
  ["Major_Incident_Analysis_INC20250115001_EN.docx",
    "Qwen3-32+模型服务性能测试结果（Agent场景）.pdf",
    "sample-knowledge.pdf",
    "Comprehensive_Quality_Report.xlsx",
    "SLA_Violation_Analysis_Report_CN.html"]
elements not found:
  ["Qwen3-32+模型服务性能测试结果（Agent场景）.pdf"]
and elements not expected:
  ["Qwen3-32+æ¨¡åæå¡æ§è½æµè¯ç»æï¼Agentåºæ¯ï¼.pdf"]

	at com.huawei.opsfactory.knowledge.api.KnowledgeCoverageIntegrationTest.shouldCoverSupportedFileMatrixAndArtifacts(KnowledgeCoverageIntegrationTest.java:86)
	at java.base/java.lang.reflect.Method.invoke(Method.java:580)
	at java.base/java.util.ArrayList.forEach(ArrayList.java:1596)
	at java.base/java.util.ArrayList.forEach(ArrayList.java:1596)
]]></failure>
    <system-out><![CDATA[
MockHttpServletRequest:
      HTTP Method = POST
      Request URI = /ops-knowledge/sources
       Parameters = {}
          Headers = [Content-Type:"application/json;charset=UTF-8", Content-Length:"110"]
             Body = {
  "name": "coverage-source-5d3146f0-cbf6-45f5-9c21-fbd34d42df44",
  "description": "coverage test source"
}

    Session Attrs = {}

Handler:
             Type = com.huawei.opsfactory.knowledge.api.source.SourceController
           Method = com.huawei.opsfactory.knowledge.api.source.SourceController#createSource(CreateSourceRequest)

Async:
    Async started = false
     Async result = null

Resolved Exception:
             Type = null

ModelAndView:
        View name = null
             View = null
            Model = null

FlashMap:
       Attributes = null

MockHttpServletResponse:
           Status = 200
    Error message = null
          Headers = [Vary:"Origin", "Access-Control-Request-Method", "Access-Control-Request-Headers", Content-Type:"application/json"]
     Content type = application/json
             Body = {"id":"src_40804c73bb68","name":"coverage-source-5d3146f0-cbf6-45f5-9c21-fbd34d42df44","description":"coverage test source","status":"ACTIVE","storageMode":"MANAGED","indexProfileId":"ip_8cae328c6722","retrievalProfileId":"rp_f46fb3edc9a8","createdAt":"2026-03-27T08:37:40.566056Z","updatedAt":"2026-03-27T08:37:40.566056Z"}
    Forwarded URL = null
   Redirected URL = null
          Cookies = []

MockHttpServletRequest:
      HTTP Method = POST
      Request URI = /ops-knowledge/sources/src_40804c73bb68/documents:ingest
       Parameters = {}
          Headers = [Content-Type:"multipart/form-data;charset=UTF-8"]
             Body = null
    Session Attrs = {}

Handler:
             Type = com.huawei.opsfactory.knowledge.api.document.DocumentController
           Method = com.huawei.opsfactory.knowledge.api.document.DocumentController#ingestDocuments(String, MultipartFile[])

Async:
    Async started = false
     Async result = null

Resolved Exception:
             Type = null

ModelAndView:
        View name = null
             View = null
            Model = null

FlashMap:
       Attributes = null

MockHttpServletResponse:
           Status = 200
    Error message = null
          Headers = [Vary:"Origin", "Access-Control-Request-Method", "Access-Control-Request-Headers", Content-Type:"application/json"]
     Content type = application/json
             Body = {"jobId":"job_14062809f7ca","sourceId":"src_40804c73bb68","status":"SUCCEEDED","documentCount":5}
    Forwarded URL = null
   Redirected URL = null
          Cookies = []

MockHttpServletRequest:
      HTTP Method = GET
      Request URI = /ops-knowledge/documents
       Parameters = {sourceId=[src_40804c73bb68]}
          Headers = []
             Body = null
    Session Attrs = {}

Handler:
             Type = com.huawei.opsfactory.knowledge.api.document.DocumentController
           Method = com.huawei.opsfactory.knowledge.api.document.DocumentController#listDocuments(String, int, int)

Async:
    Async started = false
     Async result = null

Resolved Exception:
             Type = null

ModelAndView:
        View name = null
             View = null
            Model = null

FlashMap:
       Attributes = null

MockHttpServletResponse:
           Status = 200
    Error message = null
          Headers = [Vary:"Origin", "Access-Control-Request-Method", "Access-Control-Request-Headers", Content-Type:"application/json"]
     Content type = application/json
             Body = {"items":[{"id":"doc_b387d3f8a7a1","sourceId":"src_40804c73bb68","name":"sample-knowledge.pdf","contentType":"application/pdf","title":"sample-knowledge.pdf","status":"INDEXED","indexStatus":"INDEXED","fileSizeBytes":627,"chunkCount":1,"userEditedChunkCount":0,"createdAt":"2026-03-27T08:37:41.229889Z","updatedAt":"2026-03-27T08:37:41.272727Z"},{"id":"doc_de429961b0cb","sourceId":"src_40804c73bb68","name":"SLA_Violation_Analysis_Report_CN.html","contentType":"text/html","title":"SLA_Violation_Analysis_Report_CN.html","status":"INDEXED","indexStatus":"INDEXED","fileSizeBytes":16803,"chunkCount":2,"userEditedChunkCount":0,"createdAt":"2026-03-27T08:37:41.159658Z","updatedAt":"2026-03-27T08:37:41.226463Z"},{"id":"doc_dbb4b5453016","sourceId":"src_40804c73bb68","name":"Qwen3-32+模型服务性能测试结果（Agent场景）.pdf","contentType":"application/pdf","title":"Qwen3-32+模型服务性能测试结果（Agent场景）.pdf","status":"INDEXED","indexStatus":"INDEXED","fileSizeBytes":916827,"chunkCount":9,"userEditedChunkCount":0,"createdAt":"2026-03-27T08:37:40.969858Z","updatedAt":"2026-03-27T08:37:41.154147Z"},{"id":"doc_6b0eae75253d","sourceId":"src_40804c73bb68","name":"Major_Incident_Analysis_INC20250115001_EN.docx","contentType":"application/vnd.openxmlformats-officedocument.wordprocessingml.document","title":"Major_Incident_Analysis_INC20250115001_EN.docx","status":"INDEXED","indexStatus":"INDEXED","fileSizeBytes":40339,"chunkCount":2,"userEditedChunkCount":0,"createdAt":"2026-03-27T08:37:40.821615Z","updatedAt":"2026-03-27T08:37:40.875892Z"},{"id":"doc_bedbf5321010","sourceId":"src_40804c73bb68","name":"Comprehensive_Quality_Report.xlsx","contentType":"application/vnd.openxmlformats-officedocument.spreadsheetml.sheet","title":"Comprehensive_Quality_Report.xlsx","status":"INDEXED","indexStatus":"INDEXED","fileSizeBytes":1803945,"chunkCount":11,"userEditedChunkCount":0,"createdAt":"2026-03-27T08:37:40.710040Z","updatedAt":"2026-03-27T08:37:40.796489Z"}],"page":1,"pageSize":20,"total":5}
    Forwarded URL = null
   Redirected URL = null
          Cookies = []
]]></system-out>
  </testcase>
  <testcase name="shouldDefaultCompareModesAndReturnEmptyHitsForBlankQuery" classname="com.huawei.opsfactory.knowledge.api.KnowledgeCoverageIntegrationTest" time="0.615"/>
  <testcase name="shouldApplyScoreThresholdToSemanticAndHybridFinalScores" classname="com.huawei.opsfactory.knowledge.api.KnowledgeCoverageIntegrationTest" time="0.745"/>
  <testcase name="shouldCoverDocumentAndJobManagementWithDataConsistency" classname="com.huawei.opsfactory.knowledge.api.KnowledgeCoverageIntegrationTest" time="0.714"/>
  <testcase name="shouldDeleteSourceAndCascadeDocumentsChunksBindingsAndArtifacts" classname="com.huawei.opsfactory.knowledge.api.KnowledgeCoverageIntegrationTest" time="0.602"/>
  <testcase name="shouldReturnOnlyRequestedCompareModesAndFilterByDocumentAndContentType" classname="com.huawei.opsfactory.knowledge.api.KnowledgeCoverageIntegrationTest" time="0.585">
    <error message="No value present" type="java.util.NoSuchElementException"><![CDATA[java.util.NoSuchElementException: No value present
	at java.base/java.util.Optional.orElseThrow(Optional.java:377)
	at com.huawei.opsfactory.knowledge.api.KnowledgeCoverageIntegrationTest.documentIdByName(KnowledgeCoverageIntegrationTest.java:1145)
	at com.huawei.opsfactory.knowledge.api.KnowledgeCoverageIntegrationTest.shouldReturnOnlyRequestedCompareModesAndFilterByDocumentAndContentType(KnowledgeCoverageIntegrationTest.java:294)
	at java.base/java.lang.reflect.Method.invoke(Method.java:580)
	at java.base/java.util.ArrayList.forEach(ArrayList.java:1596)
	at java.base/java.util.ArrayList.forEach(ArrayList.java:1596)
]]></error>
    <system-out><![CDATA[
MockHttpServletRequest:
      HTTP Method = POST
      Request URI = /ops-knowledge/sources
       Parameters = {}
          Headers = [Content-Type:"application/json;charset=UTF-8", Content-Length:"110"]
             Body = {
  "name": "coverage-source-7e750023-d0c5-45e8-9d9e-a45cc727ca93",
  "description": "coverage test source"
}

    Session Attrs = {}

Handler:
             Type = com.huawei.opsfactory.knowledge.api.source.SourceController
           Method = com.huawei.opsfactory.knowledge.api.source.SourceController#createSource(CreateSourceRequest)

Async:
    Async started = false
     Async result = null

Resolved Exception:
             Type = null

ModelAndView:
        View name = null
             View = null
            Model = null

FlashMap:
       Attributes = null

MockHttpServletResponse:
           Status = 200
    Error message = null
          Headers = [Vary:"Origin", "Access-Control-Request-Method", "Access-Control-Request-Headers", Content-Type:"application/json"]
     Content type = application/json
             Body = {"id":"src_e40774d500f4","name":"coverage-source-7e750023-d0c5-45e8-9d9e-a45cc727ca93","description":"coverage test source","status":"ACTIVE","storageMode":"MANAGED","indexProfileId":"ip_8cae328c6722","retrievalProfileId":"rp_f46fb3edc9a8","createdAt":"2026-03-27T08:37:43.967986Z","updatedAt":"2026-03-27T08:37:43.967986Z"}
    Forwarded URL = null
   Redirected URL = null
          Cookies = []

MockHttpServletRequest:
      HTTP Method = POST
      Request URI = /ops-knowledge/sources/src_e40774d500f4/documents:ingest
       Parameters = {}
          Headers = [Content-Type:"multipart/form-data;charset=UTF-8"]
             Body = null
    Session Attrs = {}

Handler:
             Type = com.huawei.opsfactory.knowledge.api.document.DocumentController
           Method = com.huawei.opsfactory.knowledge.api.document.DocumentController#ingestDocuments(String, MultipartFile[])

Async:
    Async started = false
     Async result = null

Resolved Exception:
             Type = null

ModelAndView:
        View name = null
             View = null
            Model = null

FlashMap:
       Attributes = null

MockHttpServletResponse:
           Status = 200
    Error message = null
          Headers = [Vary:"Origin", "Access-Control-Request-Method", "Access-Control-Request-Headers", Content-Type:"application/json"]
     Content type = application/json
             Body = {"jobId":"job_33f69ea06b84","sourceId":"src_e40774d500f4","status":"SUCCEEDED","documentCount":5}
    Forwarded URL = null
   Redirected URL = null
          Cookies = []

MockHttpServletRequest:
      HTTP Method = GET
      Request URI = /ops-knowledge/documents
       Parameters = {sourceId=[src_e40774d500f4]}
          Headers = []
             Body = null
    Session Attrs = {}

Handler:
             Type = com.huawei.opsfactory.knowledge.api.document.DocumentController
           Method = com.huawei.opsfactory.knowledge.api.document.DocumentController#listDocuments(String, int, int)

Async:
    Async started = false
     Async result = null

Resolved Exception:
             Type = null

ModelAndView:
        View name = null
             View = null
            Model = null

FlashMap:
       Attributes = null

MockHttpServletResponse:
           Status = 200
    Error message = null
          Headers = [Vary:"Origin", "Access-Control-Request-Method", "Access-Control-Request-Headers", Content-Type:"application/json"]
     Content type = application/json
             Body = {"items":[{"id":"doc_8557e1a86285","sourceId":"src_e40774d500f4","name":"sample-knowledge.pdf","contentType":"application/pdf","title":"sample-knowledge.pdf","status":"INDEXED","indexStatus":"INDEXED","fileSizeBytes":627,"chunkCount":1,"userEditedChunkCount":0,"createdAt":"2026-03-27T08:37:44.506038Z","updatedAt":"2026-03-27T08:37:44.542833Z"},{"id":"doc_f940f49fa75c","sourceId":"src_e40774d500f4","name":"SLA_Violation_Analysis_Report_CN.html","contentType":"text/html","title":"SLA_Violation_Analysis_Report_CN.html","status":"INDEXED","indexStatus":"INDEXED","fileSizeBytes":16803,"chunkCount":2,"userEditedChunkCount":0,"createdAt":"2026-03-27T08:37:44.445981Z","updatedAt":"2026-03-27T08:37:44.498653Z"},{"id":"doc_9386bd102e13","sourceId":"src_e40774d500f4","name":"Qwen3-32+模型服务性能测试结果（Agent场景）.pdf","contentType":"application/pdf","title":"Qwen3-32+模型服务性能测试结果（Agent场景）.pdf","status":"INDEXED","indexStatus":"INDEXED","fileSizeBytes":916827,"chunkCount":9,"userEditedChunkCount":0,"createdAt":"2026-03-27T08:37:44.323143Z","updatedAt":"2026-03-27T08:37:44.441231Z"},{"id":"doc_11089a8b9b36","sourceId":"src_e40774d500f4","name":"Major_Incident_Analysis_INC20250115001_EN.docx","contentType":"application/vnd.openxmlformats-officedocument.wordprocessingml.document","title":"Major_Incident_Analysis_INC20250115001_EN.docx","status":"INDEXED","indexStatus":"INDEXED","fileSizeBytes":40339,"chunkCount":2,"userEditedChunkCount":0,"createdAt":"2026-03-27T08:37:44.187626Z","updatedAt":"2026-03-27T08:37:44.235715Z"},{"id":"doc_e7af640db79a","sourceId":"src_e40774d500f4","name":"Comprehensive_Quality_Report.xlsx","contentType":"application/vnd.openxmlformats-officedocument.spreadsheetml.sheet","title":"Comprehensive_Quality_Report.xlsx","status":"INDEXED","indexStatus":"INDEXED","fileSizeBytes":1803945,"chunkCount":11,"userEditedChunkCount":0,"createdAt":"2026-03-27T08:37:44.090155Z","updatedAt":"2026-03-27T08:37:44.162847Z"}],"page":1,"pageSize":20,"total":5}
    Forwarded URL = null
   Redirected URL = null
          Cookies = []
]]></system-out>
  </testcase>
  <testcase name="shouldCoverBoundaryAndDedupBehaviors" classname="com.huawei.opsfactory.knowledge.api.KnowledgeCoverageIntegrationTest" time="0.597"/>
  <testcase name="shouldCoverSourceProfileAndBindingManagement" classname="com.huawei.opsfactory.knowledge.api.KnowledgeCoverageIntegrationTest" time="0.057"/>
  <testcase name="shouldRespectBoundRetrievalProfileModeWithoutOverride" classname="com.huawei.opsfactory.knowledge.api.KnowledgeCoverageIntegrationTest" time="0.642"/>
</testsuite>