<?xml version="1.0" encoding="UTF-8"?>
<testsuite xmlns:xsi="http://www.w3.org/2001/XMLSchema-instance" xsi:noNamespaceSchemaLocation="https://maven.apache.org/surefire/maven-surefire-plugin/xsd/surefire-test-report-3.0.xsd" version="3.0" name="com.huawei.opsfactory.exporter.GatewayMetricsCollectorTest" time="0.319" tests="3" errors="0" skipped="0" failures="0">
  <properties>
[...]
</properties>
  <testcase name="langfuseDisabledWhenStatusReturnsFalse" classname="com.huawei.opsfactory.exporter.GatewayMetricsCollectorTest" time="0.308"/>
  <testcase name="marksGatewayDownWhenUnreachable" classname="com.huawei.opsfactory.exporter.GatewayMetricsCollectorTest" time="0.002"/>
  <testcase name="collectsGatewayAndInstanceMetrics" classname="com.huawei.opsfactory.exporter.GatewayMetricsCollectorTest" time="0.002"/>
</testsuite>